<?xml version="1.0" encoding="UTF-8"?>
<!-- Generated by org.testng.reporters.JUnitReportReporter -->
<testsuite skipped="0" hostname="Srini-PC" name="Tests.amazonTest" tests="6" failures="0" timestamp="10 May 2018 08:13:10 GMT" time="36.118" errors="0">
  <testcase name="dropDown" time="0.510" classname="Tests.amazonTest"/>
  <testcase name="getTitle" time="0.865" classname="Tests.amazonTest"/>
  <testcase name="verifySearchBox" time="8.249" classname="Tests.amazonTest"/>
  <testcase name="verifyLinksOnNavigationBar" time="1.730" classname="Tests.amazonTest"/>
  <testcase name="addItemsToCart" time="17.442" classname="Tests.amazonTest"/>
  <testcase name="deleteItemInCart" time="7.322" classname="Tests.amazonTest"/>
</testsuite> <!-- Tests.amazonTest -->
